<?xml version='1.0' encoding='UTF-8'?>
<testsuite hostname="Daniels-MacBook-Pro.local" name="controllers.ApplicationControllerSpec" tests="16" errors="0" failures="1" skipped="0" time="0.707" timestamp="2022-12-13T14:32:44">
                     <properties>
      <property name="awt.toolkit" value="sun.lwawt.macosx.LWCToolkit"/><property name="java.specification.version" value="11"/><property name="sun.cpu.isalist" value=""/><property name="sun.jnu.encoding" value="UTF-8"/><property name="sun.arch.data.model" value="64"/><property name="java.vendor.url" value="http://java.oracle.com/"/><property name="sun.boot.library.path" value="/Users/daniel.maltz/Library/Caches/Coursier/arc/https/github.com/AdoptOpenJDK/openjdk11-binaries/releases/download/jdk-11%252B28/OpenJDK11-jdk_x64_mac_hotspot_11_28.tar.gz/jdk-11+28/Contents/Home/lib"/><property name="sun.java.command" value="/Users/daniel.maltz/Library/Caches/Coursier/arc/https/github.com/sbt/sbt/releases/download/v1.7.2/sbt-1.7.2.zip/sbt/bin/sbt-launch.jar test"/><property name="jdk.debug" value="release"/><property name="java.specification.vendor" value="Oracle Corporation"/><property name="java.version.date" value="2018-09-25"/><property name="java.home" value="/Users/daniel.maltz/Library/Caches/Coursier/arc/https/github.com/AdoptOpenJDK/openjdk11-binaries/releases/download/jdk-11%252B28/OpenJDK11-jdk_x64_mac_hotspot_11_28.tar.gz/jdk-11+28/Contents/Home"/><property name="file.separator" value="/"/><property name="java.vm.compressedOopsMode" value="Zero based"/><property name="line.separator" value="
"/><property name="java.specification.name" value="Java Platform API Specification"/><property name="java.vm.specification.vendor" value="Oracle Corporation"/><property name="sun.management.compiler" value="HotSpot 64-Bit Tiered Compilers"/><property name="java.runtime.version" value="11+28"/><property name="user.name" value="daniel.maltz"/><property name="log4j.ignoreTCL" value="true"/><property name="file.encoding" value="UTF-8"/><property name="java.vendor.version" value="AdoptOpenJDK"/><property name="java.io.tmpdir" value="/var/folders/ct/bq64kyv12vd_mkp8gjs4z2j80000gn/T/"/><property name="java.version" value="11"/><property name="java.vm.specification.name" value="Java Virtual Machine Specification"/><property name="java.awt.printerjob" value="sun.lwawt.macosx.CPrinterJob"/><property name="sun.os.patch.level" value="unknown"/><property name="java.library.path" value="/Users/daniel.maltz/Library/Java/Extensions:/Library/Java/Extensions:/Network/Library/Java/Extensions:/System/Library/Java/Extensions:/usr/lib/java:."/><property name="java.vendor" value="Oracle Corporation"/><property name="scala.ext.dirs" value="/Users/daniel.maltz/.sbt/1.0/java9-rt-ext-oracle_corporation_11"/><property name="sun.io.unicode.encoding" value="UnicodeBig"/><property name="socksNonProxyHosts" value="local|*.local|169.254/16|*.169.254/16"/><property name="gopherProxySet" value="false"/><property name="java.class.path" value="/Users/daniel.maltz/Library/Caches/Coursier/arc/https/github.com/sbt/sbt/releases/download/v1.7.2/sbt-1.7.2.zip/sbt/bin/sbt-launch.jar"/><property name="java.vm.vendor" value="Oracle Corporation"/><property name="jline.shutdownhook" value="false"/><property name="user.timezone" value="Europe/London"/><property name="os.name" value="Mac OS X"/><property name="java.vm.specification.version" value="11"/><property name="sun.java.launcher" value="SUN_STANDARD"/><property name="user.country" value="GB"/><property name="http.nonProxyHosts" value="local|*.local|169.254/16|*.169.254/16"/><property name="sun.cpu.endian" value="little"/><property name="user.home" value="/Users/daniel.maltz"/><property name="user.language" value="en"/><property name="sbt.script" value="/Users/daniel.maltz/Library/Caches/Coursier/arc/https/github.com/sbt/sbt/releases/download/v1.7.2/sbt-1.7.2.zip/sbt/bin/sbt"/><property name="swoval.tmpdir" value="/Users/daniel.maltz/.sbt/1.0"/><property name="java.awt.graphicsenv" value="sun.awt.CGraphicsEnvironment"/><property name="jline.esc.timeout" value="0"/><property name="ftp.nonProxyHosts" value="local|*.local|169.254/16|*.169.254/16"/><property name="path.separator" value=":"/><property name="os.version" value="10.16"/><property name="jna.nosys" value="true"/><property name="java.runtime.name" value="OpenJDK Runtime Environment"/><property name="java.vm.name" value="OpenJDK 64-Bit Server VM"/><property name="java.vendor.url.bug" value="http://bugreport.java.com/bugreport/"/><property name="user.dir" value="/Users/daniel.maltz/Desktop/play-template"/><property name="os.arch" value="x86_64"/><property name="java.vm.info" value="mixed mode"/><property name="java.vm.version" value="11+28"/><property name="java.class.version" value="55.0"/>
    </properties>
                     <testcase classname="controllers.ApplicationControllerSpec" name="ApplicationController .index should return Ok" time="0.005">
                                                 
                                               </testcase><testcase classname="controllers.ApplicationControllerSpec" name="ApplicationController .create should create a book in the database" time="0.125">
                                                 
                                               </testcase><testcase classname="controllers.ApplicationControllerSpec" name="ApplicationController .create should produce a bad request if invalid data" time="0.007">
                                                 
                                               </testcase><testcase classname="controllers.ApplicationControllerSpec" name="ApplicationController .read should find a book in the database by id" time="0.047">
                                                 
                                               </testcase><testcase classname="controllers.ApplicationControllerSpec" name="ApplicationController .read should produce a bad request if no valid data" time="0.02">
                                                 
                                               </testcase><testcase classname="controllers.ApplicationControllerSpec" name="ApplicationController .readByName() should find a book by its name" time="0.019">
                                                 
                                               </testcase><testcase classname="controllers.ApplicationControllerSpec" name="ApplicationController .readByCopies should return all books with more than 50 copies" time="0.129">
                                                 
                                               </testcase><testcase classname="controllers.ApplicationControllerSpec" name="ApplicationController .update() should update a book by id" time="0.124">
                                                 
                                               </testcase><testcase classname="controllers.ApplicationControllerSpec" name="ApplicationController .update() should produce a bad request if bad update data" time="0.006">
                                                 
                                               </testcase><testcase classname="controllers.ApplicationControllerSpec" name="ApplicationController .update() should produce a bad request if no such data to update" time="0.015">
                                                 
                                               </testcase><testcase classname="controllers.ApplicationControllerSpec" name="ApplicationController .updateByField should return a DataModel with a changed name" time="0.029">
                                                 
                                               </testcase><testcase classname="controllers.ApplicationControllerSpec" name="ApplicationController .updateByField should return a DataModel with more copies sold" time="0.021">
                                                 
                                               </testcase><testcase classname="controllers.ApplicationControllerSpec" name="ApplicationController .delete() should delete by id" time="0.02">
                                                 
                                               </testcase><testcase classname="controllers.ApplicationControllerSpec" name="ApplicationController .delete() should return bad request if no such id" time="0.024">
                                                 
                                               </testcase><testcase classname="controllers.ApplicationControllerSpec" name="addBookForm should return a valid response" time="0.035">
                                                 <failure message="org.scalatest.exceptions.TestFailedException: 400 was not equal to 200" type="sbt.ForkMain$ForkError">sbt.ForkMain$ForkError: org.scalatest.exceptions.TestFailedException: 400 was not equal to 200
	at org.scalatest.matchers.MatchersHelper$.indicateFailure(MatchersHelper.scala:402)
	at org.scalatest.matchers.should.Matchers$AnyShouldWrapper.shouldBe(Matchers.scala:7018)
	at controllers.ApplicationControllerSpec.$anonfun$new$27(ApplicationControllerSpec.scala:273)
	at scala.runtime.java8.JFunction0$mcV$sp.apply(JFunction0$mcV$sp.scala:18)
	at org.scalatest.OutcomeOf.outcomeOf(OutcomeOf.scala:85)
	at org.scalatest.OutcomeOf.outcomeOf$(OutcomeOf.scala:83)
	at org.scalatest.OutcomeOf$.outcomeOf(OutcomeOf.scala:104)
	at org.scalatest.Transformer.apply(Transformer.scala:22)
	at org.scalatest.Transformer.apply(Transformer.scala:20)
	at org.scalatest.wordspec.AnyWordSpecLike$$anon$3.apply(AnyWordSpecLike.scala:1077)
	at org.scalatest.TestSuite.withFixture(TestSuite.scala:196)
	at org.scalatest.TestSuite.withFixture$(TestSuite.scala:195)
	at org.scalatest.wordspec.AnyWordSpec.withFixture(AnyWordSpec.scala:1879)
	at org.scalatest.wordspec.AnyWordSpecLike.invokeWithFixture$1(AnyWordSpecLike.scala:1075)
	at org.scalatest.wordspec.AnyWordSpecLike.$anonfun$runTest$1(AnyWordSpecLike.scala:1087)
	at org.scalatest.SuperEngine.runTestImpl(Engine.scala:306)
	at org.scalatest.wordspec.AnyWordSpecLike.runTest(AnyWordSpecLike.scala:1087)
	at org.scalatest.wordspec.AnyWordSpecLike.runTest$(AnyWordSpecLike.scala:1069)
	at controllers.ApplicationControllerSpec.org$scalatest$BeforeAndAfterEach$$super$runTest(ApplicationControllerSpec.scala:16)
	at org.scalatest.BeforeAndAfterEach.runTest(BeforeAndAfterEach.scala:234)
	at org.scalatest.BeforeAndAfterEach.runTest$(BeforeAndAfterEach.scala:227)
	at controllers.ApplicationControllerSpec.runTest(ApplicationControllerSpec.scala:16)
	at org.scalatest.wordspec.AnyWordSpecLike.$anonfun$runTests$1(AnyWordSpecLike.scala:1146)
	at org.scalatest.SuperEngine.$anonfun$runTestsInBranch$1(Engine.scala:413)
	at scala.collection.immutable.List.foreach(List.scala:333)
	at org.scalatest.SuperEngine.traverseSubNodes$1(Engine.scala:401)
	at org.scalatest.SuperEngine.runTestsInBranch(Engine.scala:390)
	at org.scalatest.SuperEngine.$anonfun$runTestsInBranch$1(Engine.scala:427)
	at scala.collection.immutable.List.foreach(List.scala:333)
	at org.scalatest.SuperEngine.traverseSubNodes$1(Engine.scala:401)
	at org.scalatest.SuperEngine.runTestsInBranch(Engine.scala:396)
	at org.scalatest.SuperEngine.runTestsImpl(Engine.scala:475)
	at org.scalatest.wordspec.AnyWordSpecLike.runTests(AnyWordSpecLike.scala:1146)
	at org.scalatest.wordspec.AnyWordSpecLike.runTests$(AnyWordSpecLike.scala:1145)
	at org.scalatest.wordspec.AnyWordSpec.runTests(AnyWordSpec.scala:1879)
	at org.scalatest.Suite.run(Suite.scala:1112)
	at org.scalatest.Suite.run$(Suite.scala:1094)
	at org.scalatest.wordspec.AnyWordSpec.org$scalatest$wordspec$AnyWordSpecLike$$super$run(AnyWordSpec.scala:1879)
	at org.scalatest.wordspec.AnyWordSpecLike.$anonfun$run$1(AnyWordSpecLike.scala:1191)
	at org.scalatest.SuperEngine.runImpl(Engine.scala:535)
	at org.scalatest.wordspec.AnyWordSpecLike.run(AnyWordSpecLike.scala:1191)
	at org.scalatest.wordspec.AnyWordSpecLike.run$(AnyWordSpecLike.scala:1189)
	at controllers.ApplicationControllerSpec.org$scalatestplus$play$BaseOneServerPerSuite$$super$run(ApplicationControllerSpec.scala:16)
	at org.scalatestplus.play.BaseOneServerPerSuite.run(BaseOneServerPerSuite.scala:163)
	at org.scalatestplus.play.BaseOneServerPerSuite.run$(BaseOneServerPerSuite.scala:159)
	at controllers.ApplicationControllerSpec.org$scalatest$BeforeAndAfterAll$$super$run(ApplicationControllerSpec.scala:16)
	at org.scalatest.BeforeAndAfterAll.liftedTree1$1(BeforeAndAfterAll.scala:213)
	at org.scalatest.BeforeAndAfterAll.run(BeforeAndAfterAll.scala:210)
	at org.scalatest.BeforeAndAfterAll.run$(BeforeAndAfterAll.scala:208)
	at controllers.ApplicationControllerSpec.run(ApplicationControllerSpec.scala:16)
	at org.scalatest.tools.Framework.org$scalatest$tools$Framework$$runSuite(Framework.scala:318)
	at org.scalatest.tools.Framework$ScalaTestTask.execute(Framework.scala:513)
	at sbt.ForkMain$Run.lambda$runTest$1(ForkMain.java:304)
	at java.base/java.util.concurrent.FutureTask.run(FutureTask.java:264)
	at java.base/java.util.concurrent.ThreadPoolExecutor.runWorker(ThreadPoolExecutor.java:1128)
	at java.base/java.util.concurrent.ThreadPoolExecutor$Worker.run(ThreadPoolExecutor.java:628)
	at java.base/java.lang.Thread.run(Thread.java:834)
</failure>
                                               </testcase><testcase classname="controllers.ApplicationControllerSpec" name="addBookForm should return bad request" time="0.081">
                                                 
                                               </testcase>
                     <system-out><![CDATA[]]></system-out>
                     <system-err><![CDATA[]]></system-err>
                   </testsuite>