<?xml version='1.0' encoding='UTF-8'?>
<testsuite hostname="Daniels-MacBook-Pro.local" name="controllers.ApplicationControllerSpec" tests="12" errors="0" failures="0" skipped="0" time="0.245" timestamp="2022-11-09T10:39:01">
                     <properties>
      <property name="awt.toolkit" value="sun.lwawt.macosx.LWCToolkit"/><property name="java.specification.version" value="11"/><property name="sun.cpu.isalist" value=""/><property name="sun.jnu.encoding" value="UTF-8"/><property name="sun.arch.data.model" value="64"/><property name="java.vendor.url" value="http://java.oracle.com/"/><property name="sun.boot.library.path" value="/Users/daniel.maltz/Library/Caches/Coursier/arc/https/github.com/AdoptOpenJDK/openjdk11-binaries/releases/download/jdk-11%252B28/OpenJDK11-jdk_x64_mac_hotspot_11_28.tar.gz/jdk-11+28/Contents/Home/lib"/><property name="sun.java.command" value="/Users/daniel.maltz/Library/Caches/Coursier/arc/https/github.com/sbt/sbt/releases/download/v1.7.2/sbt-1.7.2.zip/sbt/bin/sbt-launch.jar test"/><property name="jdk.debug" value="release"/><property name="java.specification.vendor" value="Oracle Corporation"/><property name="java.version.date" value="2018-09-25"/><property name="java.home" value="/Users/daniel.maltz/Library/Caches/Coursier/arc/https/github.com/AdoptOpenJDK/openjdk11-binaries/releases/download/jdk-11%252B28/OpenJDK11-jdk_x64_mac_hotspot_11_28.tar.gz/jdk-11+28/Contents/Home"/><property name="file.separator" value="/"/><property name="java.vm.compressedOopsMode" value="Zero based"/><property name="line.separator" value="
"/><property name="java.specification.name" value="Java Platform API Specification"/><property name="java.vm.specification.vendor" value="Oracle Corporation"/><property name="sun.management.compiler" value="HotSpot 64-Bit Tiered Compilers"/><property name="java.runtime.version" value="11+28"/><property name="user.name" value="daniel.maltz"/><property name="log4j.ignoreTCL" value="true"/><property name="file.encoding" value="UTF-8"/><property name="java.vendor.version" value="AdoptOpenJDK"/><property name="java.io.tmpdir" value="/var/folders/ct/bq64kyv12vd_mkp8gjs4z2j80000gn/T/"/><property name="java.version" value="11"/><property name="java.vm.specification.name" value="Java Virtual Machine Specification"/><property name="java.awt.printerjob" value="sun.lwawt.macosx.CPrinterJob"/><property name="sun.os.patch.level" value="unknown"/><property name="java.library.path" value="/Users/daniel.maltz/Library/Java/Extensions:/Library/Java/Extensions:/Network/Library/Java/Extensions:/System/Library/Java/Extensions:/usr/lib/java:."/><property name="java.vendor" value="Oracle Corporation"/><property name="scala.ext.dirs" value="/Users/daniel.maltz/.sbt/1.0/java9-rt-ext-oracle_corporation_11"/><property name="sun.io.unicode.encoding" value="UnicodeBig"/><property name="socksNonProxyHosts" value="local|*.local|169.254/16|*.169.254/16"/><property name="gopherProxySet" value="false"/><property name="java.class.path" value="/Users/daniel.maltz/Library/Caches/Coursier/arc/https/github.com/sbt/sbt/releases/download/v1.7.2/sbt-1.7.2.zip/sbt/bin/sbt-launch.jar"/><property name="java.vm.vendor" value="Oracle Corporation"/><property name="jline.shutdownhook" value="false"/><property name="user.timezone" value="Europe/London"/><property name="os.name" value="Mac OS X"/><property name="java.vm.specification.version" value="11"/><property name="sun.java.launcher" value="SUN_STANDARD"/><property name="user.country" value="GB"/><property name="http.nonProxyHosts" value="local|*.local|169.254/16|*.169.254/16"/><property name="sun.cpu.endian" value="little"/><property name="user.home" value="/Users/daniel.maltz"/><property name="user.language" value="en"/><property name="sbt.script" value="/Users/daniel.maltz/Library/Caches/Coursier/arc/https/github.com/sbt/sbt/releases/download/v1.7.2/sbt-1.7.2.zip/sbt/bin/sbt"/><property name="swoval.tmpdir" value="/Users/daniel.maltz/.sbt/1.0"/><property name="java.awt.graphicsenv" value="sun.awt.CGraphicsEnvironment"/><property name="jline.esc.timeout" value="0"/><property name="ftp.nonProxyHosts" value="local|*.local|169.254/16|*.169.254/16"/><property name="path.separator" value=":"/><property name="os.version" value="10.16"/><property name="jna.nosys" value="true"/><property name="java.runtime.name" value="OpenJDK Runtime Environment"/><property name="java.vm.name" value="OpenJDK 64-Bit Server VM"/><property name="java.vendor.url.bug" value="http://bugreport.java.com/bugreport/"/><property name="user.dir" value="/Users/daniel.maltz/Desktop/play-template"/><property name="os.arch" value="x86_64"/><property name="java.vm.info" value="mixed mode"/><property name="java.vm.version" value="11+28"/><property name="java.class.version" value="55.0"/>
    </properties>
                     <testcase classname="controllers.ApplicationControllerSpec" name="ApplicationController .index should return Ok" time="0.003">
                                                 
                                               </testcase><testcase classname="controllers.ApplicationControllerSpec" name="ApplicationController .create should create a book in the database" time="0.069">
                                                 
                                               </testcase><testcase classname="controllers.ApplicationControllerSpec" name="ApplicationController .create should produce a bad request if invalid data" time="0.006">
                                                 
                                               </testcase><testcase classname="controllers.ApplicationControllerSpec" name="ApplicationController .read should find a book in the database by id" time="0.032">
                                                 
                                               </testcase><testcase classname="controllers.ApplicationControllerSpec" name="ApplicationController .read should produce a bad request if no valid data" time="0.016">
                                                 
                                               </testcase><testcase classname="controllers.ApplicationControllerSpec" name="ApplicationController .update() should update a book by id" time="0.025">
                                                 
                                               </testcase><testcase classname="controllers.ApplicationControllerSpec" name="ApplicationController .update() should produce a bad request if bad update data" time="0.007">
                                                 
                                               </testcase><testcase classname="controllers.ApplicationControllerSpec" name="ApplicationController .update() should produce a bad request if no such data to update" time="0.016">
                                                 
                                               </testcase><testcase classname="controllers.ApplicationControllerSpec" name="ApplicationController .delete() should delete by id" time="0.028">
                                                 
                                               </testcase><testcase classname="controllers.ApplicationControllerSpec" name="ApplicationController .delete() should return bad request if no such id" time="0.015">
                                                 
                                               </testcase><testcase classname="controllers.ApplicationControllerSpec" name="beforeEach  should produce an empty collection" time="0.011">
                                                 
                                               </testcase><testcase classname="controllers.ApplicationControllerSpec" name="beforeEach  should definitely delete everything" time="0.017">
                                                 
                                               </testcase>
                     <system-out><![CDATA[]]></system-out>
                     <system-err><![CDATA[]]></system-err>
                   </testsuite>